c:\users\rose\source\repos\examenpracticoi\examenpracticoi\debug\vc142.pdb
c:\users\rose\source\repos\examenpracticoi\examenpracticoi\debug\vc142.idb
c:\users\rose\source\repos\examenpracticoi\examenpracticoi\debug\examenpracticoi.obj
c:\users\rose\source\repos\examenpracticoi\examenpracticoi\debug\elevador.obj
c:\users\rose\source\repos\examenpracticoi\debug\examenpracticoi.pdb
c:\users\rose\source\repos\examenpracticoi\examenpracticoi\debug\examenpracticoi.tlog\cl.command.1.tlog
c:\users\rose\source\repos\examenpracticoi\examenpracticoi\debug\examenpracticoi.tlog\cl.read.1.tlog
c:\users\rose\source\repos\examenpracticoi\examenpracticoi\debug\examenpracticoi.tlog\cl.write.1.tlog
c:\users\rose\source\repos\examenpracticoi\examenpracticoi\debug\examenpracticoi.tlog\link-cvtres.read.1.tlog
c:\users\rose\source\repos\examenpracticoi\examenpracticoi\debug\examenpracticoi.tlog\link-cvtres.write.1.tlog
c:\users\rose\source\repos\examenpracticoi\examenpracticoi\debug\examenpracticoi.tlog\link-rc.read.1.tlog
c:\users\rose\source\repos\examenpracticoi\examenpracticoi\debug\examenpracticoi.tlog\link-rc.write.1.tlog
c:\users\rose\source\repos\examenpracticoi\examenpracticoi\debug\examenpracticoi.tlog\link.20620-cvtres.read.1.tlog
c:\users\rose\source\repos\examenpracticoi\examenpracticoi\debug\examenpracticoi.tlog\link.20620-cvtres.write.1.tlog
c:\users\rose\source\repos\examenpracticoi\examenpracticoi\debug\examenpracticoi.tlog\link.20620-rc.read.1.tlog
c:\users\rose\source\repos\examenpracticoi\examenpracticoi\debug\examenpracticoi.tlog\link.20620-rc.write.1.tlog
c:\users\rose\source\repos\examenpracticoi\examenpracticoi\debug\examenpracticoi.tlog\link.20620.read.1.tlog
c:\users\rose\source\repos\examenpracticoi\examenpracticoi\debug\examenpracticoi.tlog\link.20620.write.1.tlog
c:\users\rose\source\repos\examenpracticoi\examenpracticoi\debug\examenpracticoi.tlog\link.command.1.tlog
c:\users\rose\source\repos\examenpracticoi\examenpracticoi\debug\examenpracticoi.tlog\link.read.1.tlog
c:\users\rose\source\repos\examenpracticoi\examenpracticoi\debug\examenpracticoi.tlog\link.write.1.tlog
